Watching for file changes with StatReloader
Not Found: /ws/whatsapp/
Connection error: server rejected WebSocket connection: HTTP 404
Not Found: /ws/whatsapp/
Connection error: server rejected WebSocket connection: HTTP 404
Not Found: /ws/whatsapp/
Connection error: server rejected WebSocket connection: HTTP 404
Not Found: /ws/whatsapp/
Connection error: server rejected WebSocket connection: HTTP 404
Not Found: /ws/whatsapp/
Connection error: server rejected WebSocket connection: HTTP 404
Not Found: /ws/whatsapp/
Connection error: server rejected WebSocket connection: HTTP 404
Not Found: /ws/whatsapp/
Connection error: server rejected WebSocket connection: HTTP 404
Not Found: /ws/whatsapp/
Connection error: server rejected WebSocket connection: HTTP 404
Not Found: /ws/whatsapp/
Connection error: server rejected WebSocket connection: HTTP 404
Not Found: /ws/whatsapp/
Connection error: server rejected WebSocket connection: HTTP 404
Not Found: /ws/whatsapp/
Connection error: server rejected WebSocket connection: HTTP 404
Not Found: /ws/whatsapp/
Connection error: server rejected WebSocket connection: HTTP 404
Not Found: /ws/whatsapp/
Connection error: server rejected WebSocket connection: HTTP 404
Not Found: /ws/whatsapp/
Connection error: server rejected WebSocket connection: HTTP 404
Not Found: /ws/whatsapp/
Connection error: server rejected WebSocket connection: HTTP 404
Not Found: /ws/whatsapp/
Connection error: server rejected WebSocket connection: HTTP 404
Not Found: /ws/whatsapp/
Connection error: server rejected WebSocket connection: HTTP 404
Not Found: /ws/whatsapp/
Connection error: server rejected WebSocket connection: HTTP 404
Not Found: /ws/whatsapp/
Connection error: server rejected WebSocket connection: HTTP 404
Not Found: /ws/whatsapp/
Connection error: server rejected WebSocket connection: HTTP 404
/Users/sabarinathp/Desktop/booking/hotel_booking/hotel_booking/settings.py changed, reloading.
Watching for file changes with StatReloader
Not Found: /ws/whatsapp/
Connection error: server rejected WebSocket connection: HTTP 404
Not Found: /ws/whatsapp/
Connection error: server rejected WebSocket connection: HTTP 404
Not Found: /ws/whatsapp/
Connection error: server rejected WebSocket connection: HTTP 404
Not Found: /ws/whatsapp/
Connection error: server rejected WebSocket connection: HTTP 404
Not Found: /ws/whatsapp/
Connection error: server rejected WebSocket connection: HTTP 404
Not Found: /ws/whatsapp/
Connection error: server rejected WebSocket connection: HTTP 404
Not Found: /ws/whatsapp/
Connection error: server rejected WebSocket connection: HTTP 404
Not Found: /ws/whatsapp/
Connection error: server rejected WebSocket connection: HTTP 404
Not Found: /ws/whatsapp/
Connection error: server rejected WebSocket connection: HTTP 404
Not Found: /ws/whatsapp/
Connection error: server rejected WebSocket connection: HTTP 404
Starting server at tcp:port=8000:interface=0.0.0.0
HTTP/2 support not enabled (install the http2 and tls Twisted extras)
Configuring endpoint tcp:port=8000:interface=0.0.0.0
Listening on TCP address 0.0.0.0:8000
Watching for file changes with StatReloader
Watching for file changes with StatReloader
Not Found: /ws/whatsapp/
Connection error: server rejected WebSocket connection: HTTP 404
Not Found: /ws/whatsapp/
Connection error: server rejected WebSocket connection: HTTP 404
Not Found: /ws/whatsapp/
Connection error: server rejected WebSocket connection: HTTP 404
Not Found: /ws/whatsapp/
Connection error: server rejected WebSocket connection: HTTP 404
Not Found: /ws/whatsapp/
Connection error: server rejected WebSocket connection: HTTP 404
Not Found: /ws/whatsapp/
Connection error: server rejected WebSocket connection: HTTP 404
Not Found: /ws/whatsapp/
Connection error: server rejected WebSocket connection: HTTP 404
Not Found: /ws/whatsapp/
Connection error: server rejected WebSocket connection: HTTP 404
Not Found: /ws/whatsapp/
Connection error: server rejected WebSocket connection: HTTP 404
Not Found: /ws/whatsapp/
Connection error: server rejected WebSocket connection: HTTP 404
Not Found: /
Not Found: /
Method Not Allowed: /api/webhook/whatsapp/
Not Found: /api/webhook
